
[2025-05-25 17:41:21] GET /public/v1/docs/favicon-32x32.png by GUEST
[2025-05-25 17:41:21] GET /public/v1/docs/favicon-16x16.png by GUEST
[2025-05-25 17:42:02] GET /public/v1/docs/favicon-32x32.png by GUEST
[2025-05-25 17:42:02] GET /public/v1/docs/favicon-16x16.png by GUEST
[2025-05-25 17:42:19] POST /auth/register by GUEST
[2025-05-25 17:44:24] GET /public/v1/docs/favicon-32x32.png by GUEST
[2025-05-25 17:44:24] GET /public/v1/docs/favicon-16x16.png by GUEST
[2025-05-25 17:44:31] GET /public/v1/docs/favicon-32x32.png by GUEST
[2025-05-25 17:44:31] GET /public/v1/docs/favicon-16x16.png by GUEST
[2025-05-25 17:45:04] POST /auth/register by GUEST
[2025-05-25 17:47:37] POST /auth/register by GUEST
[2025-05-25 17:49:20] POST /auth/register%0A by GUEST
[2025-05-25 17:50:59] POST /index.php/auth/register%0A by GUEST
[2025-05-25 18:06:03] POST /auth/register by GUEST
[2025-05-25 21:02:11] POST /auth/register by GUEST
[2025-05-25 21:05:55] POST /auth/register by GUEST
[2025-05-25 21:05:56] POST /auth/register by GUEST
[2025-05-25 21:09:06] POST /auth/register by GUEST
[2025-05-25 21:09:07] POST /auth/register by GUEST
[2025-05-25 21:09:08] POST /auth/register by GUEST
[2025-05-25 21:09:18] POST /auth/register by GUEST
[2025-05-25 21:12:03] POST /auth/register by GUEST
[2025-05-25 21:17:57] POST /auth/register by GUEST
[2025-05-25 21:20:17] POST /auth/register by GUEST
[2025-05-25 21:21:20] POST /auth/login by GUEST
[2025-05-25 21:30:52] POST /auth/register by GUEST
[2025-05-25 21:32:55] POST /auth/register by GUEST
[2025-05-25 21:34:19] POST /auth/register by GUEST
[2025-05-25 21:34:52] POST /auth/register by GUEST
[2025-05-25 21:35:25] POST /auth/login by GUEST
[2025-05-25 21:42:50] POST /auth/register by GUEST
[2025-05-25 21:43:32] POST /auth/login by GUEST
[2025-05-25 22:26:53] POST /auth/login by GUEST
[2025-05-25 22:30:28] GET /books by carlos.pereira@example.com
[2025-05-25 22:30:35] GET /books by carlos.pereira@example.com
[2025-05-25 22:30:36] GET /books by carlos.pereira@example.com
[2025-05-25 22:30:36] GET /books by carlos.pereira@example.com
[2025-05-25 22:30:37] GET /books by carlos.pereira@example.com
[2025-05-25 22:30:37] GET /books by carlos.pereira@example.com
[2025-05-25 22:30:38] GET /books by carlos.pereira@example.com
[2025-05-25 22:33:14] GET /books by carlos.pereira@example.com
[2025-05-25 22:36:55] GET /books by carlos.pereira@example.com
[2025-05-25 22:36:56] GET /books by carlos.pereira@example.com
[2025-05-25 22:40:32] GET /books by carlos.pereira@example.com
[2025-05-25 22:40:33] GET /books by carlos.pereira@example.com
[2025-05-25 22:40:34] GET /books by carlos.pereira@example.com
[2025-05-25 22:40:35] GET /books by carlos.pereira@example.com
[2025-05-25 22:40:36] GET /books by carlos.pereira@example.com
[2025-05-25 22:40:39] GET /books by carlos.pereira@example.com
